<?xml version="1.0" encoding="UTF-8"?>
<!-- Generated by org.testng.reporters.JUnitReportReporter -->
<testsuite hostname="DESKTOP-HLCM1F1" failures="0" tests="3" name="tests.AddProductToWishListTest" time="4.840" errors="0" timestamp="2022-02-24T20:36:20 EET" skipped="0">
  <testcase classname="tests.AddProductToWishListTest" name="UserCanSearchForProductsWithAutoSuggest" time="2.342"/>
  <system-out/>
  <testcase classname="tests.AddProductToWishListTest" name="UserCanAddProductToWishlist" time="1.903"/>
  <system-out/>
  <testcase classname="tests.AddProductToWishListTest" name="UserCanRemoveProductFromCart" time="0.595"/>
  <system-out/>
</testsuite> <!-- tests.AddProductToWishListTest -->
