<?xml version="1.0" encoding="UTF-8"?>
<!-- Generated by org.testng.reporters.JUnitReportReporter -->
<testsuite hostname="DESKTOP-HLCM1F1" failures="0" tests="3" name="tests.AddProductToShoppingCartTest" time="5.498" errors="0" timestamp="2022-02-24T20:07:09 EET" skipped="0">
  <testcase classname="tests.AddProductToShoppingCartTest" name="UserCanSearchForProductsWithAutoSuggest" time="2.291"/>
  <system-out/>
  <testcase classname="tests.AddProductToShoppingCartTest" name="UserCanAddProductToShoppingCart" time="1.811"/>
  <system-out/>
  <testcase classname="tests.AddProductToShoppingCartTest" name="UserCanRemoveProductFromCart" time="1.396"/>
  <system-out/>
</testsuite> <!-- tests.AddProductToShoppingCartTest -->
