<?xml version="1.0" encoding="UTF-8"?>
<!-- Generated by org.testng.reporters.JUnitReportReporter -->
<testsuite hostname="DESKTOP-HLCM1F1" failures="0" tests="4" name="tests.EmailFriendTest" time="7.206" errors="0" timestamp="2022-02-24T02:08:05 EET" skipped="0">
  <testcase classname="tests.EmailFriendTest" name="UserCanRegisterSuccessfully" time="2.308"/>
  <system-out/>
  <testcase classname="tests.EmailFriendTest" name="UserCanSearchForProducts1" time="2.285"/>
  <system-out/>
  <testcase classname="tests.EmailFriendTest" name="RegisteredUserCanSendProductToFriend" time="1.623"/>
  <system-out/>
  <testcase classname="tests.EmailFriendTest" name="RegisteredUserCanLogout" time="0.990"/>
  <system-out/>
</testsuite> <!-- tests.EmailFriendTest -->
