<?xml version="1.0" encoding="UTF-8"?>
<!-- Generated by org.testng.reporters.JUnitReportReporter -->
<testsuite hostname="DESKTOP-HLCM1F1" failures="0" tests="1" name="tests.SearchProductTest" time="2.108" errors="0" timestamp="2022-02-24T02:08:53 EET" skipped="0">
  <testcase classname="tests.SearchProductTest" name="UserCanSearchForProducts" time="2.108"/>
  <system-out/>
</testsuite> <!-- tests.SearchProductTest -->
