<?xml version="1.0" encoding="UTF-8"?>
<!-- Generated by org.testng.reporters.JUnitReportReporter -->
<testsuite hostname="DESKTOP-HLCM1F1" failures="0" tests="2" name="tests.ChangeCurrencyTest" time="3.511" errors="0" timestamp="2022-02-24T02:09:32 EET" skipped="0">
  <testcase classname="tests.ChangeCurrencyTest" name="UserCanCanChangeCurrency" time="1.131"/>
  <system-out/>
  <testcase classname="tests.ChangeCurrencyTest" name="UserCanSearchWithAutoSuggest" time="2.380"/>
  <system-out/>
</testsuite> <!-- tests.ChangeCurrencyTest -->
