<?xml version="1.0" encoding="UTF-8"?>
<!-- Generated by org.testng.reporters.JUnitReportReporter -->
<testsuite hostname="DESKTOP-HLCM1F1" failures="0" tests="4" name="tests.MyAccountTest" time="6.862" errors="0" timestamp="2022-02-24T02:04:14 EET" skipped="0">
  <testcase classname="tests.MyAccountTest" name="UserCanRegisterSuccessfully" time="2.240"/>
  <system-out/>
  <testcase classname="tests.MyAccountTest" name="RegisteredUserCanChangePassword" time="2.196"/>
  <system-out/>
  <testcase classname="tests.MyAccountTest" name="RegisteredUserCanLogout" time="1.009"/>
  <system-out/>
  <testcase classname="tests.MyAccountTest" name="RegisteredUserCanLoginwithnewpassword" time="1.417"/>
  <system-out/>
</testsuite> <!-- tests.MyAccountTest -->
