<?xml version="1.0" encoding="UTF-8"?>
<!-- Generated by org.testng.reporters.JUnitReportReporter -->
<testsuite hostname="DESKTOP-HLCM1F1" failures="0" tests="2" name="tests.AddProductToCompareTest" time="9.375" errors="0" timestamp="2022-02-24T20:44:51 EET" skipped="0">
  <testcase classname="tests.AddProductToCompareTest" name="UserCanCompareProducts" time="8.372"/>
  <system-out/>
  <testcase classname="tests.AddProductToCompareTest" name="UserCanClearCompareList" time="1.003"/>
  <system-out/>
</testsuite> <!-- tests.AddProductToCompareTest -->
