<?xml version="1.0" encoding="UTF-8"?>
<!-- Generated by org.testng.reporters.JUnitReportReporter -->
<testsuite hostname="DESKTOP-HLCM1F1" failures="0" tests="4" name="tests.AddProductReviewTest" time="7.478" errors="0" timestamp="2022-02-24T02:12:26 EET" skipped="0">
  <testcase classname="tests.AddProductReviewTest" name="UserCanRegisterSuccssfully" time="2.298"/>
  <system-out/>
  <testcase classname="tests.AddProductReviewTest" name="UserCanSearchWithAutoSuggest" time="2.291"/>
  <system-out/>
  <testcase classname="tests.AddProductReviewTest" name="RegisteredUserCanReviewProduct" time="1.812"/>
  <system-out/>
  <testcase classname="tests.AddProductReviewTest" name="RegisteredUserCanLogout" time="1.077"/>
  <system-out/>
</testsuite> <!-- tests.AddProductReviewTest -->
