<?xml version="1.0" encoding="UTF-8"?>
<!-- Generated by org.testng.reporters.JUnitReportReporter -->
<testsuite hostname="DESKTOP-HLCM1F1" failures="0" tests="3" name="tests.UserRegistrationTest" time="4.744" errors="0" timestamp="2022-02-24T01:53:03 EET" skipped="0">
  <testcase classname="tests.UserRegistrationTest" name="UserCanRegisterSuccessfully" time="2.324"/>
  <system-out/>
  <testcase classname="tests.UserRegistrationTest" name="RegisteredUserCanLogout" time="1.006"/>
  <system-out/>
  <testcase classname="tests.UserRegistrationTest" name="RegisteredUserCanLogin" time="1.414"/>
  <system-out/>
</testsuite> <!-- tests.UserRegistrationTest -->
