<?xml version="1.0" encoding="UTF-8"?>
<!-- Generated by org.testng.reporters.JUnitReportReporter -->
<testsuite hostname="DESKTOP-HLCM1F1" failures="0" tests="1" name="tests.ContactUsTest" time="1.642" errors="0" timestamp="2022-02-24T02:05:54 EET" skipped="0">
  <testcase classname="tests.ContactUsTest" name="UserCanContactUs" time="1.642"/>
  <system-out/>
</testsuite> <!-- tests.ContactUsTest -->
